#
# A fatal error has been detected by the Java Runtime Environment:
#
#  SIGBUS (0xa) at pc=0x00007fb867653fc0, pid=1780, tid=14599
#
# JRE version: Java(TM) SE Runtime Environment (8.0_73-b02) (build 1.8.0_73-b02)
# Java VM: Java HotSpot(TM) 64-Bit Server VM (25.73-b02 mixed mode bsd-amd64 compressed oops)
# Problematic frame:
# C  0x00007fb867653fc0
#
# Failed to write core dump. Core dumps have been disabled. To enable core dumping, try "ulimit -c unlimited" before starting Java again
#
# If you would like to submit a bug report, please visit:
#   http://bugreport.java.com/bugreport/crash.jsp
#

---------------  T H R E A D  ---------------

Current thread (0x00007fb863833000):  JavaThread "JDWP Transport Listener: dt_socket" daemon [_thread_in_vm, id=14599, stack(0x000070000a61c000,0x000070000a71c000)]

siginfo: si_signo: 10 (SIGBUS), si_code: 2 (BUS_ADRERR), si_addr: 0x00007fb867653fc0

Registers:
RAX=0x00007fffa8698500, RBX=0x00007fffa8698550, RCX=0x0000000103415340, RDX=0x000070000a71ba8b
RSP=0x000070000a71b9c8, RBP=0x000070000a71b9e0, RSI=0x00007fb863833000, RDI=0x00007fffa8698550
R8 =0x0000000000000000, R9 =0x00007fb86a9255f0, R10=0x000007fb86a927fe, R11=0x0000000000000001
R12=0x00007fb863833000, R13=0x00007fb8636024c0, R14=0x00007fb8636024c0, R15=0x00007fb863400df0
RIP=0x00007fb867653fc0, EFLAGS=0x0000000000010212, ERR=0x0000000000000015
  TRAPNO=0x000000000000000e

Top of Stack: (sp=0x000070000a71b9c8)
0x000070000a71b9c8:   0000000103046d93 000070000a71ba8b
0x000070000a71b9d8:   000070000a71ba8b 000070000a71ba40
0x000070000a71b9e8:   0000000102f55dda 00007fb863833000
0x000070000a71b9f8:   0000000000000000 0000000000000000
0x000070000a71ba08:   0000000000000000 00007fb863833000
0x000070000a71ba18:   00007fb863833000 000070000a71ba8b
0x000070000a71ba28:   000070000a71ba90 00007fb8636024c0
0x000070000a71ba38:   00000000000000bc 000070000a71ba60
0x000070000a71ba48:   0000000102309780 0000000000000001
0x000070000a71ba58:   000070000a71bb08 000070000a71bad0
0x000070000a71ba68:   00000001022ee1f3 000070000a71baa0
0x000070000a71ba78:   00007fb864804200 000000bd00000032
0x000070000a71ba88:   f00010410171bb08 0000000000000000
0x000070000a71ba98:   0000000000000000 0000000000000000
0x000070000a71baa8:   000070000a71bc90 0000000102310e7a
0x000070000a71bab8:   00007fb8637e50d0 000070000a71bb08
0x000070000a71bac8:   000000010231c598 000070000a71bae0
0x000070000a71bad8:   00000001022ee2ec 000070000a71bd00
0x000070000a71bae8:   00000001022f7898 000040ac00000013
0x000070000a71baf8:   00000000000f0200 00007fb8637da560
0x000070000a71bb08:   00007fb864f7f348 0000000000000238
0x000070000a71bb18:   00007fb86a927fc0 000001000000012c
0x000070000a71bb28:   000070000a71bb58 00007fb86a926f90
0x000070000a71bb38:   00007f0000000000 000040ac0000001c
0x000070000a71bb48:   00007fb800007680 000070000a71bb58
0x000070000a71bb58:   b87f0000bd000000 08000000e87b6a67
0x000070000a71bb68:   30246164626d616c 6f634c2853000000
0x000070000a71bb78:   6275687469672f6d 7261706176616a2f
0x000070000a71bb88:   626d79732f726573 7265766c6f736c6f
0x000070000a71bb98:   642f6c65646f6d2f 69746172616c6365
0x000070000a71bba8:   657079542f736e6f 6574656d61726150
0x000070000a71bbb8:   6172616c63654472 0056293b6e6f6974 

Instructions: (pc=0x00007fb867653fc0)
0x00007fb867653fa0:   6e 66 69 67 75 72 61 74 69 6f 6e 00 00 00 00 00
0x00007fb867653fb0:   db 3c 34 86 fb 07 00 70 8f c5 76 86 fb 07 00 d0
0x00007fb867653fc0:   58 90 58 4c ff 7f 00 00 cb 07 02 75 ff 7f 00 00
0x00007fb867653fd0:   81 98 14 4e ff 7f 00 00 f7 f8 01 75 ff 7f 00 00 

Register to memory mapping:

RAX=0x00007fffa8698500: OBJC_METACLASS_$___NSCFString+0 in /System/Library/Frameworks/CoreFoundation.framework/Versions/A/CoreFoundation at 0x00007fff4e293000
RBX=0x00007fffa8698550: OBJC_CLASS_$___NSCFString+0 in /System/Library/Frameworks/CoreFoundation.framework/Versions/A/CoreFoundation at 0x00007fff4e293000
RCX=0x0000000103415340: UseMembar+0 in /Library/Java/JavaVirtualMachines/jdk1.8.0_73.jdk/Contents/Home/jre/lib/server/libjvm.dylib at 0x0000000102c00000
RDX=0x000070000a71ba8b is pointing into the stack for thread: 0x00007fb863833000
RSP=0x000070000a71b9c8 is pointing into the stack for thread: 0x00007fb863833000
RBP=0x000070000a71b9e0 is pointing into the stack for thread: 0x00007fb863833000
RSI=0x00007fb863833000 is a thread
RDI=0x00007fffa8698550: OBJC_CLASS_$___NSCFString+0 in /System/Library/Frameworks/CoreFoundation.framework/Versions/A/CoreFoundation at 0x00007fff4e293000
R8 =0x0000000000000000 is an unknown value
R9 =0x00007fb86a9255f0 is an unknown value
R10=0x000007fb86a927fe is an unknown value
R11=0x0000000000000001 is an unknown value
R12=0x00007fb863833000 is a thread
R13=0x00007fb8636024c0 is an unknown value
R14=0x00007fb8636024c0 is an unknown value
R15=0x00007fb863400df0 is an unknown value


Stack: [0x000070000a61c000,0x000070000a71c000],  sp=0x000070000a71b9c8,  free space=1022k
Native frames: (J=compiled Java code, j=interpreted, Vv=VM code, C=native code)
C  0x00007fb867653fc0
V  [libjvm.dylib+0x355dda]  jvmti_IsMethodSynthetic+0xb2
C  [libjdwp.dylib+0x20780]  isMethodSynthetic+0x63
C  [libjdwp.dylib+0x51f3]  methods1+0x10b
C  [libjdwp.dylib+0x52ec]  methodsWithGeneric+0xe
C  [libjdwp.dylib+0xe898]  debugLoop_run+0x1ce
C  [libjdwp.dylib+0x1f6ba]  attachThread+0x4d
V  [libjvm.dylib+0x397138]  JvmtiAgentThread::call_start_function()+0x38
V  [libjvm.dylib+0x561753]  JavaThread::thread_main_inner()+0x9b
V  [libjvm.dylib+0x562e4e]  JavaThread::run()+0x1c2
V  [libjvm.dylib+0x4838a2]  java_start(Thread*)+0xf6
C  [libsystem_pthread.dylib+0x36c1]  _pthread_body+0x154
C  [libsystem_pthread.dylib+0x356d]  _pthread_body+0x0
C  [libsystem_pthread.dylib+0x2c5d]  thread_start+0xd
C  0x0000000000000000


---------------  P R O C E S S  ---------------

Java Threads: ( => current thread )
  0x00007fb8639e6000 JavaThread "TimerQueue" daemon [_thread_blocked, id=77727, stack(0x000070000b3c9000,0x000070000b4c9000)]
  0x00007fb865117000 JavaThread "Java2D Disposer" daemon [_thread_blocked, id=78351, stack(0x000070000b2c6000,0x000070000b3c6000)]
  0x00007fb8641ed800 JavaThread "Java2D Queue Flusher" daemon [_thread_blocked, id=78615, stack(0x000070000b1c3000,0x000070000b2c3000)]
  0x00007fb8639c3800 JavaThread "DestroyJavaVM" [_thread_blocked, id=6403, stack(0x0000700009d01000,0x0000700009e01000)]
  0x00007fb864b39000 JavaThread "AWT-EventQueue-0" [_thread_blocked, id=82195, stack(0x000070000b0c0000,0x000070000b1c0000)]
  0x00007fb8650f3800 JavaThread "AWT-Shutdown" [_thread_blocked, id=37935, stack(0x000070000ae34000,0x000070000af34000)]
  0x00007fb8650a8800 JavaThread "AppKit Thread" daemon [_thread_in_native, id=775, stack(0x00007ffeed194000,0x00007ffeed994000)]
  0x00007fb865048000 JavaThread "Service Thread" daemon [_thread_blocked, id=16131, stack(0x000070000ac2e000,0x000070000ad2e000)]
  0x00007fb865034800 JavaThread "C1 CompilerThread2" daemon [_thread_blocked, id=15875, stack(0x000070000ab2b000,0x000070000ac2b000)]
  0x00007fb86500d000 JavaThread "C2 CompilerThread1" daemon [_thread_blocked, id=18435, stack(0x000070000aa28000,0x000070000ab28000)]
  0x00007fb865034000 JavaThread "C2 CompilerThread0" daemon [_thread_blocked, id=15363, stack(0x000070000a925000,0x000070000aa25000)]
  0x00007fb864010000 JavaThread "JDWP Command Reader" daemon [_thread_in_native, id=18691, stack(0x000070000a822000,0x000070000a922000)]
  0x00007fb865005800 JavaThread "JDWP Event Helper Thread" daemon [_thread_blocked, id=14851, stack(0x000070000a71f000,0x000070000a81f000)]
=>0x00007fb863833000 JavaThread "JDWP Transport Listener: dt_socket" daemon [_thread_in_vm, id=14599, stack(0x000070000a61c000,0x000070000a71c000)]
  0x00007fb863816800 JavaThread "Signal Dispatcher" daemon [_thread_blocked, id=14347, stack(0x000070000a519000,0x000070000a619000)]
  0x00007fb864041000 JavaThread "Finalizer" daemon [_thread_blocked, id=12547, stack(0x000070000a416000,0x000070000a516000)]
  0x00007fb864040000 JavaThread "Reference Handler" daemon [_thread_blocked, id=12035, stack(0x000070000a313000,0x000070000a413000)]

Other Threads:
  0x00007fb86403f800 VMThread [stack: 0x000070000a210000,0x000070000a310000] [id=11779]
  0x00007fb865049000 WatcherThread [stack: 0x000070000ad31000,0x000070000ae31000] [id=17667]

VM state:not at safepoint (normal execution)

VM Mutex/Monitor currently owned by a thread: None

Heap:
 PSYoungGen      total 76288K, used 21947K [0x000000076ab00000, 0x0000000770000000, 0x00000007c0000000)
  eden space 65536K, 17% used [0x000000076ab00000,0x000000076b5f87f0,0x000000076eb00000)
  from space 10752K, 99% used [0x000000076f580000,0x000000076fff6520,0x0000000770000000)
  to   space 10752K, 0% used [0x000000076eb00000,0x000000076eb00000,0x000000076f580000)
 ParOldGen       total 85504K, used 14448K [0x00000006c0000000, 0x00000006c5380000, 0x000000076ab00000)
  object space 85504K, 16% used [0x00000006c0000000,0x00000006c0e1c098,0x00000006c5380000)
 Metaspace       used 27717K, capacity 28512K, committed 28848K, reserved 1075200K
  class space    used 3455K, capacity 3658K, committed 3760K, reserved 1048576K

Card table byte_map: [0x0000000103f4d000,0x000000010474e000] byte_map_base: 0x000000010094d000

Marking Bits: (ParMarkBitMap*) 0x00000001034e3ea0
 Begin Bits: [0x0000000104ca4000, 0x0000000108ca4000)
 End Bits:   [0x0000000108ca4000, 0x000000010cca4000)

Polling page: 0x00000001022e8000

CodeCache: size=245760Kb used=16298Kb max_used=16310Kb free=229461Kb
 bounds [0x000000010e3a1000, 0x000000010f3b1000, 0x000000011d3a1000]
 total_blobs=5124 nmethods=4481 adapters=561
 compilation: enabled

Compilation events (10 events):
Event: 5393.465 Thread 0x00007fb865034000 5109       4       java.awt.Container::processEvent (22 bytes)
Event: 5393.469 Thread 0x00007fb865034000 nmethod 5109 0x000000010ef45ad0 code [0x000000010ef45ca0, 0x000000010ef460d8]
Event: 5393.526 Thread 0x00007fb86500d000 5110   !   4       java.awt.LightweightDispatcher::eventDispatched (336 bytes)
Event: 5393.549 Thread 0x00007fb865034000 5111       4       javax.swing.text.ParagraphView$Row::getStartOffset (40 bytes)
Event: 5393.552 Thread 0x00007fb86500d000 nmethod 5110 0x000000010f3a3390 code [0x000000010f3a3700, 0x000000010f3a5718]
Event: 5393.557 Thread 0x00007fb865034000 nmethod 5111 0x000000010f3a7a50 code [0x000000010f3a7c80, 0x000000010f3a8878]
Event: 5393.645 Thread 0x00007fb86500d000 5112       4       java.awt.Window::dispatchEventImpl (23 bytes)
Event: 5393.649 Thread 0x00007fb86500d000 nmethod 5112 0x000000010f358010 code [0x000000010f3581a0, 0x000000010f358778]
Event: 5395.053 Thread 0x00007fb865034800 5113       3       java.awt.KeyboardFocusManager::fireVetoableChange (26 bytes)
Event: 5395.053 Thread 0x00007fb865034800 nmethod 5113 0x000000010f357b10 code [0x000000010f357c80, 0x000000010f357f48]

GC Heap History (10 events):
Event: 18.007 GC heap before
{Heap before GC invocations=1 (full 0):
 PSYoungGen      total 76288K, used 65536K [0x000000076ab00000, 0x0000000770000000, 0x00000007c0000000)
  eden space 65536K, 100% used [0x000000076ab00000,0x000000076eb00000,0x000000076eb00000)
  from space 10752K, 0% used [0x000000076f580000,0x000000076f580000,0x0000000770000000)
  to   space 10752K, 0% used [0x000000076eb00000,0x000000076eb00000,0x000000076f580000)
 ParOldGen       total 175104K, used 0K [0x00000006c0000000, 0x00000006cab00000, 0x000000076ab00000)
  object space 175104K, 0% used [0x00000006c0000000,0x00000006c0000000,0x00000006cab00000)
 Metaspace       used 19571K, capacity 19762K, committed 20096K, reserved 1067008K
  class space    used 2571K, capacity 2651K, committed 2688K, reserved 1048576K
Event: 18.024 GC heap after
Heap after GC invocations=1 (full 0):
 PSYoungGen      total 76288K, used 10751K [0x000000076ab00000, 0x0000000770000000, 0x00000007c0000000)
  eden space 65536K, 0% used [0x000000076ab00000,0x000000076ab00000,0x000000076eb00000)
  from space 10752K, 99% used [0x000000076eb00000,0x000000076f57fcd8,0x000000076f580000)
  to   space 10752K, 0% used [0x000000076f580000,0x000000076f580000,0x0000000770000000)
 ParOldGen       total 175104K, used 5010K [0x00000006c0000000, 0x00000006cab00000, 0x000000076ab00000)
  object space 175104K, 2% used [0x00000006c0000000,0x00000006c04e48a8,0x00000006cab00000)
 Metaspace       used 19571K, capacity 19762K, committed 20096K, reserved 1067008K
  class space    used 2571K, capacity 2651K, committed 2688K, reserved 1048576K
}
Event: 30.073 GC heap before
{Heap before GC invocations=2 (full 0):
 PSYoungGen      total 76288K, used 30601K [0x000000076ab00000, 0x0000000770000000, 0x00000007c0000000)
  eden space 65536K, 30% used [0x000000076ab00000,0x000000076be62750,0x000000076eb00000)
  from space 10752K, 99% used [0x000000076eb00000,0x000000076f57fcd8,0x000000076f580000)
  to   space 10752K, 0% used [0x000000076f580000,0x000000076f580000,0x0000000770000000)
 ParOldGen       total 175104K, used 5010K [0x00000006c0000000, 0x00000006cab00000, 0x000000076ab00000)
  object space 175104K, 2% used [0x00000006c0000000,0x00000006c04e48a8,0x00000006cab00000)
 Metaspace       used 20936K, capacity 21170K, committed 21296K, reserved 1067008K
  class space    used 2749K, capacity 2855K, committed 2864K, reserved 1048576K
Event: 30.082 GC heap after
Heap after GC invocations=2 (full 0):
 PSYoungGen      total 76288K, used 10741K [0x000000076ab00000, 0x0000000770000000, 0x00000007c0000000)
  eden space 65536K, 0% used [0x000000076ab00000,0x000000076ab00000,0x000000076eb00000)
  from space 10752K, 99% used [0x000000076f580000,0x000000076fffd5a8,0x0000000770000000)
  to   space 10752K, 0% used [0x000000076eb00000,0x000000076eb00000,0x000000076f580000)
 ParOldGen       total 175104K, used 7442K [0x00000006c0000000, 0x00000006cab00000, 0x000000076ab00000)
  object space 175104K, 4% used [0x00000006c0000000,0x00000006c07448e0,0x00000006cab00000)
 Metaspace       used 20936K, capacity 21170K, committed 21296K, reserved 1067008K
  class space    used 2749K, capacity 2855K, committed 2864K, reserved 1048576K
}
Event: 30.082 GC heap before
{Heap before GC invocations=3 (full 1):
 PSYoungGen      total 76288K, used 10741K [0x000000076ab00000, 0x0000000770000000, 0x00000007c0000000)
  eden space 65536K, 0% used [0x000000076ab00000,0x000000076ab00000,0x000000076eb00000)
  from space 10752K, 99% used [0x000000076f580000,0x000000076fffd5a8,0x0000000770000000)
  to   space 10752K, 0% used [0x000000076eb00000,0x000000076eb00000,0x000000076f580000)
 ParOldGen       total 175104K, used 7442K [0x00000006c0000000, 0x00000006cab00000, 0x000000076ab00000)
  object space 175104K, 4% used [0x00000006c0000000,0x00000006c07448e0,0x00000006cab00000)
 Metaspace       used 20936K, capacity 21170K, committed 21296K, reserved 1067008K
  class space    used 2749K, capacity 2855K, committed 2864K, reserved 1048576K
Event: 30.114 GC heap after
Heap after GC invocations=3 (full 1):
 PSYoungGen      total 76288K, used 0K [0x000000076ab00000, 0x0000000770000000, 0x00000007c0000000)
  eden space 65536K, 0% used [0x000000076ab00000,0x000000076ab00000,0x000000076eb00000)
  from space 10752K, 0% used [0x000000076f580000,0x000000076f580000,0x0000000770000000)
  to   space 10752K, 0% used [0x000000076eb00000,0x000000076eb00000,0x000000076f580000)
 ParOldGen       total 85504K, used 14040K [0x00000006c0000000, 0x00000006c5380000, 0x000000076ab00000)
  object space 85504K, 16% used [0x00000006c0000000,0x00000006c0db61d8,0x00000006c5380000)
 Metaspace       used 20936K, capacity 21170K, committed 21296K, reserved 1067008K
  class space    used 2749K, capacity 2855K, committed 2864K, reserved 1048576K
}
Event: 753.662 GC heap before
{Heap before GC invocations=4 (full 1):
 PSYoungGen      total 76288K, used 65536K [0x000000076ab00000, 0x0000000770000000, 0x00000007c0000000)
  eden space 65536K, 100% used [0x000000076ab00000,0x000000076eb00000,0x000000076eb00000)
  from space 10752K, 0% used [0x000000076f580000,0x000000076f580000,0x0000000770000000)
  to   space 10752K, 0% used [0x000000076eb00000,0x000000076eb00000,0x000000076f580000)
 ParOldGen       total 85504K, used 14040K [0x00000006c0000000, 0x00000006c5380000, 0x000000076ab00000)
  object space 85504K, 16% used [0x00000006c0000000,0x00000006c0db61d8,0x00000006c5380000)
 Metaspace       used 26422K, capacity 27216K, committed 27440K, reserved 1073152K
  class space    used 3396K, capacity 3556K, committed 3632K, reserved 1048576K
Event: 753.667 GC heap after
Heap after GC invocations=4 (full 1):
 PSYoungGen      total 76288K, used 9004K [0x000000076ab00000, 0x0000000770000000, 0x00000007c0000000)
  eden space 65536K, 0% used [0x000000076ab00000,0x000000076ab00000,0x000000076eb00000)
  from space 10752K, 83% used [0x000000076eb00000,0x000000076f3cb028,0x000000076f580000)
  to   space 10752K, 0% used [0x000000076f580000,0x000000076f580000,0x0000000770000000)
 ParOldGen       total 85504K, used 14048K [0x00000006c0000000, 0x00000006c5380000, 0x000000076ab00000)
  object space 85504K, 16% used [0x00000006c0000000,0x00000006c0db81d8,0x00000006c5380000)
 Metaspace       used 26422K, capacity 27216K, committed 27440K, reserved 1073152K
  class space    used 3396K, capacity 3556K, committed 3632K, reserved 1048576K
}
Event: 4814.201 GC heap before
{Heap before GC invocations=5 (full 1):
 PSYoungGen      total 76288K, used 74540K [0x000000076ab00000, 0x0000000770000000, 0x00000007c0000000)
  eden space 65536K, 100% used [0x000000076ab00000,0x000000076eb00000,0x000000076eb00000)
  from space 10752K, 83% used [0x000000076eb00000,0x000000076f3cb028,0x000000076f580000)
  to   space 10752K, 0% used [0x000000076f580000,0x000000076f580000,0x0000000770000000)
 ParOldGen       total 85504K, used 14048K [0x00000006c0000000, 0x00000006c5380000, 0x000000076ab00000)
  object space 85504K, 16% used [0x00000006c0000000,0x00000006c0db81d8,0x00000006c5380000)
 Metaspace       used 27523K, capacity 28372K, committed 28592K, reserved 1075200K
  class space    used 3449K, capacity 3656K, committed 3760K, reserved 1048576K
Event: 4814.230 GC heap after
Heap after GC invocations=5 (full 1):
 PSYoungGen      total 76288K, used 10713K [0x000000076ab00000, 0x0000000770000000, 0x00000007c0000000)
  eden space 65536K, 0% used [0x000000076ab00000,0x000000076ab00000,0x000000076eb00000)
  from space 10752K, 99% used [0x000000076f580000,0x000000076fff6520,0x0000000770000000)
  to   space 10752K, 0% used [0x000000076eb00000,0x000000076eb00000,0x000000076f580000)
 ParOldGen       total 85504K, used 14448K [0x00000006c0000000, 0x00000006c5380000, 0x000000076ab00000)
  object space 85504K, 16% used [0x00000006c0000000,0x00000006c0e1c098,0x00000006c5380000)
 Metaspace       used 27523K, capacity 28372K, committed 28592K, reserved 1075200K
  class space    used 3449K, capacity 3656K, committed 3760K, reserved 1048576K
}

Deoptimization events (10 events):
Event: 5392.616 Thread 0x00007fb86ea57800 Uncommon trap: reason=unhandled action=none pc=0x000000010eb3a8a0 method=com.github.javaparser.GeneratedJavaParser.jj_scan_token(I)Z @ 170
Event: 5392.616 Thread 0x00007fb86ea57800 Uncommon trap: reason=unhandled action=none pc=0x000000010eb3a8a0 method=com.github.javaparser.GeneratedJavaParser.jj_scan_token(I)Z @ 170
Event: 5392.617 Thread 0x00007fb86ea57800 Uncommon trap: reason=unhandled action=none pc=0x000000010eb3a8a0 method=com.github.javaparser.GeneratedJavaParser.jj_scan_token(I)Z @ 170
Event: 5392.617 Thread 0x00007fb86ea57800 Uncommon trap: reason=unhandled action=none pc=0x000000010eb3a8a0 method=com.github.javaparser.GeneratedJavaParser.jj_scan_token(I)Z @ 170
Event: 5392.618 Thread 0x00007fb86ea57800 Uncommon trap: reason=unhandled action=none pc=0x000000010eb3a8a0 method=com.github.javaparser.GeneratedJavaParser.jj_scan_token(I)Z @ 170
Event: 5392.618 Thread 0x00007fb86ea57800 Uncommon trap: reason=unhandled action=none pc=0x000000010eb3a8a0 method=com.github.javaparser.GeneratedJavaParser.jj_scan_token(I)Z @ 170
Event: 5392.618 Thread 0x00007fb86ea57800 Uncommon trap: reason=unhandled action=none pc=0x000000010eb3a8a0 method=com.github.javaparser.GeneratedJavaParser.jj_scan_token(I)Z @ 170
Event: 5392.618 Thread 0x00007fb86ea57800 Uncommon trap: reason=unhandled action=none pc=0x000000010eb3a8a0 method=com.github.javaparser.GeneratedJavaParser.jj_scan_token(I)Z @ 170
Event: 5392.618 Thread 0x00007fb86ea57800 Uncommon trap: reason=unhandled action=none pc=0x000000010eb3a8a0 method=com.github.javaparser.GeneratedJavaParser.jj_scan_token(I)Z @ 170
Event: 5394.400 Thread 0x00007fb864b39000 Uncommon trap: reason=speculate_class_check action=maybe_recompile pc=0x000000010f37ec64 method=java.awt.Component.dispatchEventImpl(Ljava/awt/AWTEvent;)V @ 506

Internal exceptions (10 events):
Event: 5392.639 Thread 0x00007fb86ea57800 Exception <a 'java/io/FileNotFoundException'> (0x000000076b26d890) thrown at [/HUDSON3/workspace/8-2-build-macosx-x86_64/jdk8u73/6086/hotspot/src/share/vm/prims/jni.cpp, line 709]
Event: 5392.639 Thread 0x00007fb86ea57800 Exception <a 'java/io/FileNotFoundException'> (0x000000076b26f788) thrown at [/HUDSON3/workspace/8-2-build-macosx-x86_64/jdk8u73/6086/hotspot/src/share/vm/prims/jni.cpp, line 709]
Event: 5392.639 Thread 0x00007fb86ea57800 Exception <a 'java/io/FileNotFoundException'> (0x000000076b2750f0) thrown at [/HUDSON3/workspace/8-2-build-macosx-x86_64/jdk8u73/6086/hotspot/src/share/vm/prims/jni.cpp, line 709]
Event: 5392.640 Thread 0x00007fb86ea57800 Exception <a 'java/io/FileNotFoundException'> (0x000000076b277a10) thrown at [/HUDSON3/workspace/8-2-build-macosx-x86_64/jdk8u73/6086/hotspot/src/share/vm/prims/jni.cpp, line 709]
Event: 5392.640 Thread 0x00007fb86ea57800 Exception <a 'java/io/FileNotFoundException'> (0x000000076b279fe8) thrown at [/HUDSON3/workspace/8-2-build-macosx-x86_64/jdk8u73/6086/hotspot/src/share/vm/prims/jni.cpp, line 709]
Event: 5392.640 Thread 0x00007fb86ea57800 Exception <a 'java/io/FileNotFoundException'> (0x000000076b27c308) thrown at [/HUDSON3/workspace/8-2-build-macosx-x86_64/jdk8u73/6086/hotspot/src/share/vm/prims/jni.cpp, line 709]
Event: 5392.640 Thread 0x00007fb86ea57800 Exception <a 'java/io/FileNotFoundException'> (0x000000076b2816a8) thrown at [/HUDSON3/workspace/8-2-build-macosx-x86_64/jdk8u73/6086/hotspot/src/share/vm/prims/jni.cpp, line 709]
Event: 5392.640 Thread 0x00007fb86ea57800 Exception <a 'java/io/FileNotFoundException'> (0x000000076b283fc8) thrown at [/HUDSON3/workspace/8-2-build-macosx-x86_64/jdk8u73/6086/hotspot/src/share/vm/prims/jni.cpp, line 709]
Event: 5392.641 Thread 0x00007fb86ea57800 Exception <a 'java/io/FileNotFoundException'> (0x000000076b2865a0) thrown at [/HUDSON3/workspace/8-2-build-macosx-x86_64/jdk8u73/6086/hotspot/src/share/vm/prims/jni.cpp, line 709]
Event: 5392.641 Thread 0x00007fb86ea57800 Exception <a 'java/io/FileNotFoundException'> (0x000000076b2888c0) thrown at [/HUDSON3/workspace/8-2-build-macosx-x86_64/jdk8u73/6086/hotspot/src/share/vm/prims/jni.cpp, line 709]

Events (10 events):
Event: 5392.649 Executing VM operation: RevokeBias
Event: 5392.649 Executing VM operation: RevokeBias done
Event: 5392.659 Executing VM operation: RevokeBias
Event: 5392.659 Executing VM operation: RevokeBias done
Event: 5392.659 Thread 0x00007fb86ea57800 Thread exited: 0x00007fb86ea57800
Event: 5392.705 Executing VM operation: ForceSafepoint
Event: 5392.705 Executing VM operation: ForceSafepoint done
Event: 5394.400 Thread 0x00007fb864b39000 Uncommon trap: trap_request=0xffffff76 fr.pc=0x000000010f37ec64
Event: 5394.400 Thread 0x00007fb864b39000 DEOPT PACKING pc=0x000000010f37ec64 sp=0x000070000b1bd8a0
Event: 5394.400 Thread 0x00007fb864b39000 DEOPT UNPACKING pc=0x000000010e3a6229 sp=0x000070000b1bd8c0 mode 2


Dynamic libraries:
0x00000000268eb000 	/System/Library/Frameworks/Cocoa.framework/Versions/A/Cocoa
0x00000000268eb000 	/System/Library/Frameworks/Security.framework/Versions/A/Security
0x00000000268eb000 	/System/Library/Frameworks/ApplicationServices.framework/Versions/A/ApplicationServices
0x00000000268eb000 	/usr/lib/libz.1.dylib
0x00000000268eb000 	/usr/lib/libSystem.B.dylib
0x00000000268eb000 	/usr/lib/libobjc.A.dylib
0x00000000268eb000 	/System/Library/Frameworks/CoreFoundation.framework/Versions/A/CoreFoundation
0x00000000268eb000 	/System/Library/Frameworks/Foundation.framework/Versions/C/Foundation
0x00000000268eb000 	/System/Library/Frameworks/AppKit.framework/Versions/C/AppKit
0x00000000268eb000 	/System/Library/Frameworks/CoreData.framework/Versions/A/CoreData
0x00000000268eb000 	/System/Library/PrivateFrameworks/RemoteViewServices.framework/Versions/A/RemoteViewServices
0x00000000268eb000 	/System/Library/PrivateFrameworks/UIFoundation.framework/Versions/A/UIFoundation
0x00000000268eb000 	/System/Library/PrivateFrameworks/DFRFoundation.framework/Versions/A/DFRFoundation
0x00000000268eb000 	/System/Library/Frameworks/Metal.framework/Versions/A/Metal
0x00000000268eb000 	/System/Library/PrivateFrameworks/DesktopServicesPriv.framework/Versions/A/DesktopServicesPriv
0x00000000268eb000 	/usr/lib/libenergytrace.dylib
0x00000000268eb000 	/System/Library/PrivateFrameworks/SkyLight.framework/Versions/A/SkyLight
0x00000000268eb000 	/System/Library/Frameworks/CoreGraphics.framework/Versions/A/CoreGraphics
0x00000000268eb000 	/usr/lib/libScreenReader.dylib
0x00000000268eb000 	/System/Library/Frameworks/Accelerate.framework/Versions/A/Accelerate
0x00000000268eb000 	/System/Library/Frameworks/IOSurface.framework/Versions/A/IOSurface
0x00000000268eb000 	/System/Library/Frameworks/AudioToolbox.framework/Versions/A/AudioToolbox
0x00000000268eb000 	/System/Library/Frameworks/AudioUnit.framework/Versions/A/AudioUnit
0x00000000268eb000 	/System/Library/PrivateFrameworks/DataDetectorsCore.framework/Versions/A/DataDetectorsCore
0x00000000268eb000 	/System/Library/Frameworks/Carbon.framework/Versions/A/Frameworks/HIToolbox.framework/Versions/A/HIToolbox
0x00000000268eb000 	/usr/lib/libicucore.A.dylib
0x00000000268eb000 	/System/Library/Frameworks/QuartzCore.framework/Versions/A/QuartzCore
0x00000000268eb000 	/System/Library/Frameworks/Carbon.framework/Versions/A/Frameworks/SpeechRecognition.framework/Versions/A/SpeechRecognition
0x00000000268eb000 	/usr/lib/libauto.dylib
0x00000000268eb000 	/usr/lib/libxml2.2.dylib
0x00000000268eb000 	/System/Library/PrivateFrameworks/CoreUI.framework/Versions/A/CoreUI
0x00000000268eb000 	/System/Library/Frameworks/CoreAudio.framework/Versions/A/CoreAudio
0x00000000268eb000 	/System/Library/Frameworks/DiskArbitration.framework/Versions/A/DiskArbitration
0x00000000268eb000 	/usr/lib/liblangid.dylib
0x00000000268eb000 	/System/Library/PrivateFrameworks/MultitouchSupport.framework/Versions/A/MultitouchSupport
0x00000000268eb000 	/System/Library/Frameworks/IOKit.framework/Versions/A/IOKit
0x00000000268eb000 	/usr/lib/libDiagnosticMessagesClient.dylib
0x00000000268eb000 	/System/Library/Frameworks/CoreServices.framework/Versions/A/CoreServices
0x00000000268eb000 	/System/Library/PrivateFrameworks/PerformanceAnalysis.framework/Versions/A/PerformanceAnalysis
0x00000000268eb000 	/System/Library/Frameworks/OpenGL.framework/Versions/A/OpenGL
0x00000000268eb000 	/System/Library/Frameworks/ColorSync.framework/Versions/A/ColorSync
0x00000000268eb000 	/System/Library/Frameworks/CoreImage.framework/Versions/A/CoreImage
0x00000000268eb000 	/System/Library/Frameworks/CoreText.framework/Versions/A/CoreText
0x00000000268eb000 	/System/Library/Frameworks/ImageIO.framework/Versions/A/ImageIO
0x00000000268eb000 	/System/Library/PrivateFrameworks/Backup.framework/Versions/A/Backup
0x00000000268eb000 	/usr/lib/libarchive.2.dylib
0x00000000268eb000 	/System/Library/Frameworks/CFNetwork.framework/Versions/A/CFNetwork
0x00000000268eb000 	/System/Library/Frameworks/SystemConfiguration.framework/Versions/A/SystemConfiguration
0x00000000268eb000 	/usr/lib/libCRFSuite.dylib
0x00000000268eb000 	/usr/lib/libc++.1.dylib
0x00000000268eb000 	/usr/lib/libc++abi.dylib
0x00000000268eb000 	/usr/lib/system/libcache.dylib
0x00000000268eb000 	/usr/lib/system/libcommonCrypto.dylib
0x00000000268eb000 	/usr/lib/system/libcompiler_rt.dylib
0x00000000268eb000 	/usr/lib/system/libcopyfile.dylib
0x00000000268eb000 	/usr/lib/system/libcorecrypto.dylib
0x00000000268eb000 	/usr/lib/system/libdispatch.dylib
0x00000000268eb000 	/usr/lib/system/libdyld.dylib
0x00000000268eb000 	/usr/lib/system/libkeymgr.dylib
0x00000000268eb000 	/usr/lib/system/liblaunch.dylib
0x00000000268eb000 	/usr/lib/system/libmacho.dylib
0x00000000268eb000 	/usr/lib/system/libquarantine.dylib
0x00000000268eb000 	/usr/lib/system/libremovefile.dylib
0x00000000268eb000 	/usr/lib/system/libsystem_asl.dylib
0x00000000268eb000 	/usr/lib/system/libsystem_blocks.dylib
0x00000000268eb000 	/usr/lib/system/libsystem_c.dylib
0x00000000268eb000 	/usr/lib/system/libsystem_configuration.dylib
0x00000000268eb000 	/usr/lib/system/libsystem_coreservices.dylib
0x00000000268eb000 	/usr/lib/system/libsystem_darwin.dylib
0x00000000268eb000 	/usr/lib/system/libsystem_dnssd.dylib
0x00000000268eb000 	/usr/lib/system/libsystem_info.dylib
0x00000000268eb000 	/usr/lib/system/libsystem_m.dylib
0x00000000268eb000 	/usr/lib/system/libsystem_malloc.dylib
0x00000000268eb000 	/usr/lib/system/libsystem_network.dylib
0x00000000268eb000 	/usr/lib/system/libsystem_networkextension.dylib
0x00000000268eb000 	/usr/lib/system/libsystem_notify.dylib
0x00000000268eb000 	/usr/lib/system/libsystem_sandbox.dylib
0x00000000268eb000 	/usr/lib/system/libsystem_secinit.dylib
0x00000000268eb000 	/usr/lib/system/libsystem_kernel.dylib
0x00000000268eb000 	/usr/lib/system/libsystem_platform.dylib
0x00000000268eb000 	/usr/lib/system/libsystem_pthread.dylib
0x00000000268eb000 	/usr/lib/system/libsystem_symptoms.dylib
0x00000000268eb000 	/usr/lib/system/libsystem_trace.dylib
0x00000000268eb000 	/usr/lib/system/libunwind.dylib
0x00000000268eb000 	/usr/lib/system/libxpc.dylib
0x00000000268eb000 	/usr/lib/closure/libclosured.dylib
0x00000000268eb000 	/usr/lib/libbsm.0.dylib
0x00000000268eb000 	/usr/lib/system/libkxld.dylib
0x00000000268eb000 	/usr/lib/libOpenScriptingUtil.dylib
0x00000000268eb000 	/usr/lib/libcoretls.dylib
0x00000000268eb000 	/usr/lib/libcoretls_cfhelpers.dylib
0x00000000268eb000 	/usr/lib/libpam.2.dylib
0x00000000268eb000 	/usr/lib/libsqlite3.dylib
0x00000000268eb000 	/usr/lib/libxar.1.dylib
0x00000000268eb000 	/usr/lib/libbz2.1.0.dylib
0x00000000268eb000 	/usr/lib/liblzma.5.dylib
0x00000000268eb000 	/usr/lib/libnetwork.dylib
0x00000000268eb000 	/usr/lib/libapple_nghttp2.dylib
0x00000000268eb000 	/usr/lib/libpcap.A.dylib
0x00000000268eb000 	/usr/lib/libboringssl.dylib
0x00000000268eb000 	/usr/lib/libusrtcp.dylib
0x00000000268eb000 	/usr/lib/libapple_crypto.dylib
0x00000000268eb000 	/System/Library/Frameworks/CoreServices.framework/Versions/A/Frameworks/FSEvents.framework/Versions/A/FSEvents
0x00000000268eb000 	/System/Library/Frameworks/CoreServices.framework/Versions/A/Frameworks/CarbonCore.framework/Versions/A/CarbonCore
0x00000000268eb000 	/System/Library/Frameworks/CoreServices.framework/Versions/A/Frameworks/Metadata.framework/Versions/A/Metadata
0x00000000268eb000 	/System/Library/Frameworks/CoreServices.framework/Versions/A/Frameworks/OSServices.framework/Versions/A/OSServices
0x00000000268eb000 	/System/Library/Frameworks/CoreServices.framework/Versions/A/Frameworks/SearchKit.framework/Versions/A/SearchKit
0x00000000268eb000 	/System/Library/Frameworks/CoreServices.framework/Versions/A/Frameworks/AE.framework/Versions/A/AE
0x00000000268eb000 	/System/Library/Frameworks/CoreServices.framework/Versions/A/Frameworks/LaunchServices.framework/Versions/A/LaunchServices
0x00000000268eb000 	/System/Library/Frameworks/CoreServices.framework/Versions/A/Frameworks/DictionaryServices.framework/Versions/A/DictionaryServices
0x00000000268eb000 	/System/Library/Frameworks/CoreServices.framework/Versions/A/Frameworks/SharedFileList.framework/Versions/A/SharedFileList
0x00000000268eb000 	/System/Library/Frameworks/NetFS.framework/Versions/A/NetFS
0x00000000268eb000 	/System/Library/PrivateFrameworks/NetAuth.framework/Versions/A/NetAuth
0x00000000268eb000 	/System/Library/PrivateFrameworks/login.framework/Versions/A/Frameworks/loginsupport.framework/Versions/A/loginsupport
0x00000000268eb000 	/System/Library/PrivateFrameworks/TCC.framework/Versions/A/TCC
0x00000000268eb000 	/usr/lib/libmecabra.dylib
0x00000000268eb000 	/System/Library/Frameworks/ApplicationServices.framework/Versions/A/Frameworks/ATS.framework/Versions/A/ATS
0x00000000268eb000 	/System/Library/Frameworks/ApplicationServices.framework/Versions/A/Frameworks/ColorSyncLegacy.framework/Versions/A/ColorSyncLegacy
0x00000000268eb000 	/System/Library/Frameworks/ApplicationServices.framework/Versions/A/Frameworks/HIServices.framework/Versions/A/HIServices
0x00000000268eb000 	/System/Library/Frameworks/ApplicationServices.framework/Versions/A/Frameworks/LangAnalysis.framework/Versions/A/LangAnalysis
0x00000000268eb000 	/System/Library/Frameworks/ApplicationServices.framework/Versions/A/Frameworks/PrintCore.framework/Versions/A/PrintCore
0x00000000268eb000 	/System/Library/Frameworks/ApplicationServices.framework/Versions/A/Frameworks/QD.framework/Versions/A/QD
0x00000000268eb000 	/System/Library/Frameworks/ApplicationServices.framework/Versions/A/Frameworks/SpeechSynthesis.framework/Versions/A/SpeechSynthesis
0x00000000268eb000 	/System/Library/Frameworks/CoreDisplay.framework/Versions/A/CoreDisplay
0x00000000268eb000 	/System/Library/Frameworks/Accelerate.framework/Versions/A/Frameworks/vImage.framework/Versions/A/vImage
0x00000000268eb000 	/System/Library/Frameworks/Accelerate.framework/Versions/A/Frameworks/vecLib.framework/Versions/A/vecLib
0x00000000268eb000 	/System/Library/Frameworks/Accelerate.framework/Versions/A/Frameworks/vecLib.framework/Versions/A/libvDSP.dylib
0x00000000268eb000 	/System/Library/Frameworks/Accelerate.framework/Versions/A/Frameworks/vecLib.framework/Versions/A/libBNNS.dylib
0x00000000268eb000 	/System/Library/Frameworks/Accelerate.framework/Versions/A/Frameworks/vecLib.framework/Versions/A/libQuadrature.dylib
0x00000000268eb000 	/System/Library/Frameworks/Accelerate.framework/Versions/A/Frameworks/vecLib.framework/Versions/A/libvMisc.dylib
0x00000000268eb000 	/System/Library/Frameworks/Accelerate.framework/Versions/A/Frameworks/vecLib.framework/Versions/A/libLAPACK.dylib
0x00000000268eb000 	/System/Library/Frameworks/Accelerate.framework/Versions/A/Frameworks/vecLib.framework/Versions/A/libBLAS.dylib
0x00000000268eb000 	/System/Library/Frameworks/Accelerate.framework/Versions/A/Frameworks/vecLib.framework/Versions/A/libLinearAlgebra.dylib
0x00000000268eb000 	/System/Library/Frameworks/Accelerate.framework/Versions/A/Frameworks/vecLib.framework/Versions/A/libSparse.dylib
0x00000000268eb000 	/System/Library/Frameworks/Accelerate.framework/Versions/A/Frameworks/vecLib.framework/Versions/A/libSparseBLAS.dylib
0x00000000268eb000 	/System/Library/PrivateFrameworks/IOAccelerator.framework/Versions/A/IOAccelerator
0x00000000268eb000 	/System/Library/PrivateFrameworks/IOPresentment.framework/Versions/A/IOPresentment
0x00000000268eb000 	/System/Library/PrivateFrameworks/DSExternalDisplay.framework/Versions/A/DSExternalDisplay
0x00000000268eb000 	/System/Library/Frameworks/OpenGL.framework/Versions/A/Libraries/libCoreFSCache.dylib
0x00000000268eb000 	/System/Library/Frameworks/CoreVideo.framework/Versions/A/CoreVideo
0x00000000268eb000 	/System/Library/PrivateFrameworks/GraphVisualizer.framework/Versions/A/GraphVisualizer
0x00000000268eb000 	/System/Library/Frameworks/MetalPerformanceShaders.framework/Versions/A/MetalPerformanceShaders
0x00000000268eb000 	/usr/lib/libFosl_dynamic.dylib
0x00000000268eb000 	/System/Library/PrivateFrameworks/FaceCore.framework/Versions/A/FaceCore
0x00000000268eb000 	/System/Library/Frameworks/OpenCL.framework/Versions/A/OpenCL
0x00000000268eb000 	/usr/lib/libcompression.dylib
0x00000000268eb000 	/System/Library/Frameworks/ApplicationServices.framework/Versions/A/Frameworks/ATS.framework/Versions/A/Resources/libFontParser.dylib
0x00000000268eb000 	/System/Library/Frameworks/ApplicationServices.framework/Versions/A/Frameworks/ATS.framework/Versions/A/Resources/libFontRegistry.dylib
0x00000000268eb000 	/System/Library/Frameworks/ImageIO.framework/Versions/A/Resources/libJPEG.dylib
0x00000000268eb000 	/System/Library/Frameworks/ImageIO.framework/Versions/A/Resources/libTIFF.dylib
0x00000000268eb000 	/System/Library/Frameworks/ImageIO.framework/Versions/A/Resources/libPng.dylib
0x00000000268eb000 	/System/Library/Frameworks/ImageIO.framework/Versions/A/Resources/libGIF.dylib
0x00000000268eb000 	/System/Library/Frameworks/ImageIO.framework/Versions/A/Resources/libJP2.dylib
0x00000000268eb000 	/System/Library/Frameworks/ImageIO.framework/Versions/A/Resources/libRadiance.dylib
0x00000000268eb000 	/System/Library/PrivateFrameworks/AppleJPEG.framework/Versions/A/AppleJPEG
0x00000000268eb000 	/System/Library/PrivateFrameworks/MetalTools.framework/Versions/A/MetalTools
0x00000000268eb000 	/System/Library/Frameworks/MetalPerformanceShaders.framework/Frameworks/MPSCore.framework/Versions/A/MPSCore
0x00000000268eb000 	/System/Library/Frameworks/MetalPerformanceShaders.framework/Frameworks/MPSImage.framework/Versions/A/MPSImage
0x00000000268eb000 	/System/Library/Frameworks/MetalPerformanceShaders.framework/Frameworks/MPSMatrix.framework/Versions/A/MPSMatrix
0x00000000268eb000 	/System/Library/Frameworks/MetalPerformanceShaders.framework/Frameworks/MPSNeuralNetwork.framework/Versions/A/MPSNeuralNetwork
0x00000000268eb000 	/System/Library/Frameworks/OpenGL.framework/Versions/A/Libraries/libGLU.dylib
0x00000000268eb000 	/System/Library/Frameworks/OpenGL.framework/Versions/A/Libraries/libGFXShared.dylib
0x00000000268eb000 	/System/Library/Frameworks/OpenGL.framework/Versions/A/Libraries/libGL.dylib
0x00000000268eb000 	/System/Library/Frameworks/OpenGL.framework/Versions/A/Libraries/libGLImage.dylib
0x00000000268eb000 	/System/Library/Frameworks/OpenGL.framework/Versions/A/Libraries/libCVMSPluginSupport.dylib
0x00000000268eb000 	/System/Library/Frameworks/OpenGL.framework/Versions/A/Libraries/libCoreVMClient.dylib
0x00000000268eb000 	/usr/lib/libcups.2.dylib
0x00000000268eb000 	/System/Library/Frameworks/Kerberos.framework/Versions/A/Kerberos
0x00000000268eb000 	/System/Library/Frameworks/GSS.framework/Versions/A/GSS
0x00000000268eb000 	/usr/lib/libresolv.9.dylib
0x00000000268eb000 	/usr/lib/libiconv.2.dylib
0x00000000268eb000 	/System/Library/PrivateFrameworks/Heimdal.framework/Versions/A/Heimdal
0x00000000268eb000 	/usr/lib/libheimdal-asn1.dylib
0x00000000268eb000 	/System/Library/Frameworks/OpenDirectory.framework/Versions/A/OpenDirectory
0x00000000268eb000 	/System/Library/PrivateFrameworks/CommonAuth.framework/Versions/A/CommonAuth
0x00000000268eb000 	/System/Library/Frameworks/OpenDirectory.framework/Versions/A/Frameworks/CFOpenDirectory.framework/Versions/A/CFOpenDirectory
0x00000000268eb000 	/System/Library/Frameworks/SecurityFoundation.framework/Versions/A/SecurityFoundation
0x00000000268eb000 	/System/Library/PrivateFrameworks/APFS.framework/Versions/A/APFS
0x00000000268eb000 	/usr/lib/libutil.dylib
0x00000000268eb000 	/System/Library/PrivateFrameworks/AppleSauce.framework/Versions/A/AppleSauce
0x00000000268eb000 	/System/Library/PrivateFrameworks/LinguisticData.framework/Versions/A/LinguisticData
0x00000000268eb000 	/usr/lib/libmarisa.dylib
0x00000000268eb000 	/System/Library/PrivateFrameworks/Lexicon.framework/Versions/A/Lexicon
0x00000000268eb000 	/usr/lib/libChineseTokenizer.dylib
0x00000000268eb000 	/usr/lib/libcmph.dylib
0x00000000268eb000 	/System/Library/PrivateFrameworks/LanguageModeling.framework/Versions/A/LanguageModeling
0x00000000268eb000 	/System/Library/PrivateFrameworks/CoreEmoji.framework/Versions/A/CoreEmoji
0x00000000268eb000 	/System/Library/Frameworks/ServiceManagement.framework/Versions/A/ServiceManagement
0x00000000268eb000 	/System/Library/PrivateFrameworks/BackgroundTaskManagement.framework/Versions/A/BackgroundTaskManagement
0x00000000268eb000 	/usr/lib/libxslt.1.dylib
0x00000000268eb000 	/System/Library/Frameworks/Carbon.framework/Versions/A/Frameworks/Ink.framework/Versions/A/Ink
0x00000000268eb000 	/System/Library/PrivateFrameworks/TextureIO.framework/Versions/A/TextureIO
0x00000000268eb000 	/usr/lib/libate.dylib
0x00000000268eb000 	/System/Library/PrivateFrameworks/CrashReporterSupport.framework/Versions/A/CrashReporterSupport
0x00000000268eb000 	/System/Library/PrivateFrameworks/Sharing.framework/Versions/A/Sharing
0x00000000268eb000 	/System/Library/PrivateFrameworks/IconServices.framework/Versions/A/IconServices
0x00000000268eb000 	/System/Library/PrivateFrameworks/ProtocolBuffer.framework/Versions/A/ProtocolBuffer
0x00000000268eb000 	/System/Library/PrivateFrameworks/Apple80211.framework/Versions/A/Apple80211
0x00000000268eb000 	/System/Library/Frameworks/CoreWLAN.framework/Versions/A/CoreWLAN
0x00000000268eb000 	/System/Library/PrivateFrameworks/CoreUtils.framework/Versions/A/CoreUtils
0x00000000268eb000 	/System/Library/Frameworks/IOBluetooth.framework/Versions/A/IOBluetooth
0x00000000268eb000 	/System/Library/PrivateFrameworks/CoreWiFi.framework/Versions/A/CoreWiFi
0x00000000268eb000 	/System/Library/Frameworks/CoreBluetooth.framework/Versions/A/CoreBluetooth
0x00000000268eb000 	/System/Library/PrivateFrameworks/SignpostNotification.framework/Versions/A/SignpostNotification
0x00000000268eb000 	/System/Library/PrivateFrameworks/DebugSymbols.framework/Versions/A/DebugSymbols
0x00000000268eb000 	/System/Library/PrivateFrameworks/CoreSymbolication.framework/Versions/A/CoreSymbolication
0x00000000268eb000 	/System/Library/PrivateFrameworks/Symbolication.framework/Versions/A/Symbolication
0x00000000268eb000 	/System/Library/PrivateFrameworks/AppleFSCompression.framework/Versions/A/AppleFSCompression
0x00000000268eb000 	/System/Library/PrivateFrameworks/SpeechRecognitionCore.framework/Versions/A/SpeechRecognitionCore
0x0000000102c00000 	/Library/Java/JavaVirtualMachines/jdk1.8.0_73.jdk/Contents/Home/jre/lib/server/libjvm.dylib
0x00000000268eb000 	/usr/lib/libstdc++.6.0.9.dylib
0x00000001022a5000 	/Library/Java/JavaVirtualMachines/jdk1.8.0_73.jdk/Contents/Home/jre/lib/libverify.dylib
0x00000001022b3000 	/Library/Java/JavaVirtualMachines/jdk1.8.0_73.jdk/Contents/Home/jre/lib/libjava.dylib
0x00000001022e9000 	/Library/Java/JavaVirtualMachines/jdk1.8.0_73.jdk/Contents/Home/jre/lib/libjdwp.dylib
0x0000000102334000 	/Library/Java/JavaVirtualMachines/jdk1.8.0_73.jdk/Contents/Home/jre/lib/libnpt.dylib
0x0000000102381000 	/Library/Java/JavaVirtualMachines/jdk1.8.0_73.jdk/Contents/Home/jre/lib/libzip.dylib
0x00000000268eb000 	/System/Library/Frameworks/JavaVM.framework/Versions/A/Frameworks/JavaRuntimeSupport.framework/Versions/A/JavaRuntimeSupport
0x00000000268eb000 	/System/Library/Frameworks/JavaVM.framework/Versions/A/Frameworks/JavaNativeFoundation.framework/Versions/A/JavaNativeFoundation
0x00000000268eb000 	/System/Library/Frameworks/JavaVM.framework/Versions/A/JavaVM
0x00000000268eb000 	/System/Library/Frameworks/Carbon.framework/Versions/A/Carbon
0x00000000268eb000 	/System/Library/PrivateFrameworks/JavaLaunching.framework/Versions/A/JavaLaunching
0x00000000268eb000 	/System/Library/Frameworks/Carbon.framework/Versions/A/Frameworks/CommonPanels.framework/Versions/A/CommonPanels
0x00000000268eb000 	/System/Library/Frameworks/Carbon.framework/Versions/A/Frameworks/Help.framework/Versions/A/Help
0x00000000268eb000 	/System/Library/Frameworks/Carbon.framework/Versions/A/Frameworks/ImageCapture.framework/Versions/A/ImageCapture
0x00000000268eb000 	/System/Library/Frameworks/Carbon.framework/Versions/A/Frameworks/OpenScripting.framework/Versions/A/OpenScripting
0x00000000268eb000 	/System/Library/Frameworks/Carbon.framework/Versions/A/Frameworks/Print.framework/Versions/A/Print
0x00000000268eb000 	/System/Library/Frameworks/Carbon.framework/Versions/A/Frameworks/SecurityHI.framework/Versions/A/SecurityHI
0x000000010e2f6000 	/Library/Java/JavaVirtualMachines/jdk1.8.0_73.jdk/Contents/Home/jre/lib/libdt_socket.dylib
0x000000011fb47000 	/Library/Java/JavaVirtualMachines/jdk1.8.0_73.jdk/Contents/Home/jre/lib/libawt.dylib
0x000000011fbef000 	/Library/Java/JavaVirtualMachines/jdk1.8.0_73.jdk/Contents/Home/jre/lib/./libmlib_image.dylib
0x000000011fcbb000 	/Library/Java/JavaVirtualMachines/jdk1.8.0_73.jdk/Contents/Home/jre/lib/libawt_lwawt.dylib
0x000000011fd70000 	/Library/Java/JavaVirtualMachines/jdk1.8.0_73.jdk/Contents/Home/jre/lib/./libosxapp.dylib
0x00000000268eb000 	/System/Library/Frameworks/ExceptionHandling.framework/Versions/A/ExceptionHandling
0x00000000268eb000 	/System/Library/PrivateFrameworks/CoreServicesInternal.framework/Versions/A/CoreServicesInternal
0x00000000268eb000 	/System/Library/CoreServices/RawCamera.bundle/Contents/MacOS/RawCamera
0x00000000268eb000 	/System/Library/PrivateFrameworks/MobileAsset.framework/Versions/A/MobileAsset
0x00000000268eb000 	/System/Library/PrivateFrameworks/StreamingZip.framework/Versions/A/StreamingZip
0x00000000268eb000 	/System/Library/Frameworks/MediaToolbox.framework/Versions/A/MediaToolbox
0x00000000268eb000 	/System/Library/PrivateFrameworks/CoreAVCHD.framework/Versions/A/CoreAVCHD
0x00000000268eb000 	/System/Library/Frameworks/MediaAccessibility.framework/Versions/A/MediaAccessibility
0x00000000268eb000 	/System/Library/PrivateFrameworks/Mangrove.framework/Versions/A/Mangrove
0x00000000268eb000 	/System/Library/Frameworks/CoreMedia.framework/Versions/A/CoreMedia
0x00000000268eb000 	/System/Library/Frameworks/VideoToolbox.framework/Versions/A/VideoToolbox
0x00000000268eb000 	/System/Library/PrivateFrameworks/CoreAUC.framework/Versions/A/CoreAUC
0x00000000268eb000 	/usr/lib/libspindump.dylib
0x00000000268eb000 	/usr/lib/libdscsym.dylib
0x00000000268eb000 	/System/Library/PrivateFrameworks/AppleVA.framework/Versions/A/AppleVA
0x00000000268eb000 	/System/Library/Frameworks/Accelerate.framework/Versions/A/Frameworks/vImage.framework/Versions/A/Libraries/libCGInterfaces.dylib
0x00000000268eb000 	/System/Library/Frameworks/ApplicationServices.framework/Versions/A/Frameworks/ATS.framework/Versions/A/Resources/libTrueTypeScaler.dylib
0x00000000268eb000 	/System/Library/Frameworks/OpenGL.framework/Versions/A/Resources/GLEngine.bundle/GLEngine
0x00000000268eb000 	/System/Library/Frameworks/OpenGL.framework/Versions/A/Libraries/libGLProgrammability.dylib
0x00000001220a9000 	/System/Library/Extensions/AppleIntelSKLGraphicsGLDriver.bundle/Contents/MacOS/AppleIntelSKLGraphicsGLDriver
0x00000000268eb000 	/System/Library/PrivateFrameworks/GPUSupport.framework/Versions/A/Libraries/libGPUSupportMercury.dylib
0x00000000268eb000 	/System/Library/Frameworks/OpenGL.framework/Versions/A/Resources/GLRendererFloat.bundle/GLRendererFloat
0x00000000268eb000 	/System/Library/Frameworks/OpenCL.framework/Versions/A/Libraries/libcldcpuengine.dylib
0x00000000268eb000 	/usr/lib/libcrypto.35.dylib
0x00000000268eb000 	/System/Library/PrivateFrameworks/TrustEvaluationAgent.framework/Versions/A/TrustEvaluationAgent
0x00000000268eb000 	/System/Library/Extensions/AppleIntelSKLGraphicsMTLDriver.bundle/Contents/MacOS/AppleIntelSKLGraphicsMTLDriver
0x00000000268eb000 	/System/Library/PrivateFrameworks/GPUCompiler.framework/Versions/3802/Libraries/libmetal_timestamp.dylib
0x00000000268eb000 	/System/Library/PrivateFrameworks/FamilyControls.framework/Versions/A/FamilyControls
0x00000000268eb000 	/System/Library/PrivateFrameworks/CommerceKit.framework/Versions/A/Frameworks/CommerceCore.framework/Versions/A/CommerceCore
0x00000000268eb000 	/System/Library/PrivateFrameworks/SystemAdministration.framework/Versions/A/SystemAdministration
0x00000000268eb000 	/System/Library/PrivateFrameworks/AppContainer.framework/Versions/A/AppContainer
0x00000000268eb000 	/System/Library/PrivateFrameworks/SecCodeWrapper.framework/Versions/A/SecCodeWrapper
0x00000000268eb000 	/System/Library/PrivateFrameworks/DiskManagement.framework/Versions/A/DiskManagement
0x00000000268eb000 	/System/Library/Frameworks/DirectoryService.framework/Versions/A/DirectoryService
0x00000000268eb000 	/System/Library/PrivateFrameworks/DiskImages.framework/Versions/A/DiskImages
0x00000000268eb000 	/System/Library/PrivateFrameworks/LoginUIKit.framework/Versions/A/Frameworks/LoginUICore.framework/Versions/A/LoginUICore
0x00000000268eb000 	/usr/lib/libCoreStorage.dylib
0x00000000268eb000 	/usr/lib/libcsfde.dylib
0x00000000268eb000 	/usr/lib/libodfde.dylib
0x00000000268eb000 	/System/Library/PrivateFrameworks/MediaKit.framework/Versions/A/MediaKit
0x00000000268eb000 	/System/Library/Frameworks/DiscRecording.framework/Versions/A/DiscRecording
0x00000000268eb000 	/System/Library/PrivateFrameworks/EFILogin.framework/Versions/A/EFILogin
0x00000000268eb000 	/System/Library/PrivateFrameworks/ProtectedCloudStorage.framework/Versions/A/ProtectedCloudStorage
0x00000000268eb000 	/usr/lib/libcurl.4.dylib
0x00000000268eb000 	/usr/lib/libssl.35.dylib
0x00000000268eb000 	/System/Library/Frameworks/LDAP.framework/Versions/A/LDAP
0x00000000268eb000 	/usr/lib/libsasl2.2.dylib
0x00000000268eb000 	/System/Library/PrivateFrameworks/CoreDaemon.framework/Versions/B/CoreDaemon
0x00000000268eb000 	/System/Library/PrivateFrameworks/AppleSRP.framework/Versions/A/AppleSRP
0x000000012426e000 	/Library/Java/JavaVirtualMachines/jdk1.8.0_73.jdk/Contents/Home/jre/lib/libfontmanager.dylib
0x0000000124b12000 	/Library/Java/JavaVirtualMachines/jdk1.8.0_73.jdk/Contents/Home/jre/lib/libosxui.dylib
0x00000000268eb000 	/System/Library/PrivateFrameworks/ViewBridge.framework/Versions/A/ViewBridge
0x0000000125b93000 	/Library/Java/JavaVirtualMachines/jdk1.8.0_73.jdk/Contents/Home/jre/lib/libnet.dylib
0x0000000125baa000 	/Library/Java/JavaVirtualMachines/jdk1.8.0_73.jdk/Contents/Home/jre/lib/libnio.dylib
0x00000000268eb000 	/System/Library/PrivateFrameworks/CloudDocs.framework/Versions/A/CloudDocs
0x00000000268eb000 	/System/Library/PrivateFrameworks/FileProvider.framework/Versions/A/FileProvider
0x00000000268eb000 	/System/Library/PrivateFrameworks/SpotlightIndex.framework/Versions/A/SpotlightIndex
0x00000000268eb000 	/System/Library/PrivateFrameworks/SymptomDiagnosticReporter.framework/Versions/A/SymptomDiagnosticReporter
0x00000000268eb000 	/System/Library/PrivateFrameworks/GenerationalStorage.framework/Versions/A/GenerationalStorage
0x00000000268eb000 	/System/Library/PrivateFrameworks/ChunkingLibrary.framework/Versions/A/ChunkingLibrary
0x00000000268eb000 	/System/Library/PrivateFrameworks/CoreNLP.framework/Versions/A/CoreNLP
0x00000000268eb000 	/usr/lib/libmecab.1.0.0.dylib
0x00000000268eb000 	/usr/lib/libgermantok.dylib
0x00000000268eb000 	/usr/lib/libThaiTokenizer.dylib
0x000000016004e000 	/Library/Java/JavaVirtualMachines/jdk1.8.0_73.jdk/Contents/Home/jre/lib/libdcpr.dylib
0x00000000268eb000 	/System/Library/PrivateFrameworks/login.framework/Versions/A/login

VM Arguments:
jvm_args: -agentlib:jdwp=transport=dt_socket,suspend=y,address=localhost:51974 -Dfile.encoding=UTF-8 
java_command: fmcr.main.Client
java_class_path (initial): /Library/Java/JavaVirtualMachines/jdk1.8.0_73.jdk/Contents/Home/jre/lib/resources.jar:/Library/Java/JavaVirtualMachines/jdk1.8.0_73.jdk/Contents/Home/jre/lib/rt.jar:/Library/Java/JavaVirtualMachines/jdk1.8.0_73.jdk/Contents/Home/jre/lib/jsse.jar:/Library/Java/JavaVirtualMachines/jdk1.8.0_73.jdk/Contents/Home/jre/lib/jce.jar:/Library/Java/JavaVirtualMachines/jdk1.8.0_73.jdk/Contents/Home/jre/lib/charsets.jar:/Library/Java/JavaVirtualMachines/jdk1.8.0_73.jdk/Contents/Home/jre/lib/jfr.jar:/Library/Java/JavaVirtualMachines/jdk1.8.0_73.jdk/Contents/Home/jre/lib/ext/sunec.jar:/Library/Java/JavaVirtualMachines/jdk1.8.0_73.jdk/Contents/Home/jre/lib/ext/nashorn.jar:/Library/Java/JavaVirtualMachines/jdk1.8.0_73.jdk/Contents/Home/jre/lib/ext/cldrdata.jar:/Library/Java/JavaVirtualMachines/jdk1.8.0_73.jdk/Contents/Home/jre/lib/ext/jfxrt.jar:/Library/Java/JavaVirtualMachines/jdk1.8.0_73.jdk/Contents/Home/jre/lib/ext/dnsns.jar:/Library/Java/JavaVirtualMachines/jdk1.8.0_73.jdk/Contents/Home/jre/lib/ext/localedata.jar:/Library/Java/JavaVirtualMachines/jdk1.8.0_73.jdk/Contents/Home/jre/lib/ext/sunjce_provider.jar:/Library/Java/JavaVirtualMachines/jdk1.8.0_73.jdk/Contents/Home/jre/lib/ext/sunpkcs11.jar:/Library/Java/JavaVirtualMachines/jdk1.8.0_73.jdk/Contents/Home/jre/lib/ext/jaccess.jar:/Library/Java/JavaVirtualMachines/jdk1.8.0_73.jdk/Contents/Home/jre/lib/ext/zipfs.jar:/System/Library/Java/Extensions/MRJToolkit.jar:/Users/inah/Documents/DevEnvironment/Teaching-DEV/JOOSE2017/workspace/kflow/target/classes:/Users/inah/Documents/DevEnvironment/Teaching-DEV/JOOSE2017/workspace/kflow/lib/jgraphx.jar:/Users/inah/.m2/repository/com/github/javaparser/javaparser-core/3.5.6/javaparser-core-3.5.6.jar:/Users/inah/.m2/repository/com/github/javaparser/java-symbol-solver-core/0.6.0/java-symbol-solver-core-0.6.0.jar:/Users/inah/.m2/repository/com/github/javaparser/java-symbol-solver-logic/0.6.0/java-symbol-solver-logic-0.6.0.jar:/Users/inah/.m2/repository/com/javaslan
Launcher Type: SUN_STANDARD

Environment Variables:
PATH=/usr/bin:/bin:/usr/sbin:/sbin
SHELL=/bin/bash
DISPLAY=/private/tmp/com.apple.launchd.QhbTl8DJ2P/org.macosforge.xquartz:0

Signal Handlers:
SIGSEGV: [libjvm.dylib+0x5a71a5], sa_mask[0]=11111111011111110111111111111111, sa_flags=SA_ONSTACK|SA_RESTART|SA_SIGINFO
SIGBUS: [libjvm.dylib+0x5a71a5], sa_mask[0]=11111111011111110111111111111111, sa_flags=SA_RESTART|SA_SIGINFO
SIGFPE: [libjvm.dylib+0x480eb4], sa_mask[0]=11111111011111110111111111111111, sa_flags=SA_RESTART|SA_SIGINFO
SIGPIPE: [libjvm.dylib+0x480eb4], sa_mask[0]=11111111011111110111111111111111, sa_flags=SA_RESTART|SA_SIGINFO
SIGXFSZ: [libjvm.dylib+0x480eb4], sa_mask[0]=11111111011111110111111111111111, sa_flags=SA_RESTART|SA_SIGINFO
SIGILL: [libjvm.dylib+0x480eb4], sa_mask[0]=11111111011111110111111111111111, sa_flags=SA_RESTART|SA_SIGINFO
SIGUSR1: SIG_DFL, sa_mask[0]=00000000000000000000000000000000, sa_flags=none
SIGUSR2: [libjvm.dylib+0x4809d2], sa_mask[0]=00100000000000000000000000000000, sa_flags=SA_RESTART|SA_SIGINFO
SIGHUP: [libjvm.dylib+0x47efa9], sa_mask[0]=11111111011111110111111111111111, sa_flags=SA_RESTART|SA_SIGINFO
SIGINT: [libjvm.dylib+0x47efa9], sa_mask[0]=11111111011111110111111111111111, sa_flags=SA_RESTART|SA_SIGINFO
SIGTERM: [libjvm.dylib+0x47efa9], sa_mask[0]=11111111011111110111111111111111, sa_flags=SA_RESTART|SA_SIGINFO
SIGQUIT: [libjvm.dylib+0x47efa9], sa_mask[0]=11111111011111110111111111111111, sa_flags=SA_RESTART|SA_SIGINFO


---------------  S Y S T E M  ---------------

OS:Bsduname:Darwin 17.3.0 Darwin Kernel Version 17.3.0: Thu Nov  9 18:09:22 PST 2017; root:xnu-4570.31.3~1/RELEASE_X86_64 x86_64
rlimit: STACK 8192k, CORE 0k, NPROC 1418, NOFILE 10240, AS infinity
load average:1.73 1.86 1.89

CPU:total 4 (2 cores per cpu, 2 threads per core) family 6 model 78 stepping 3, cmov, cx8, fxsr, mmx, sse, sse2, sse3, ssse3, sse4.1, sse4.2, popcnt, avx, avx2, aes, clmul, erms, 3dnowpref, lzcnt, ht, tsc, tscinvbit, bmi1, bmi2, adx

Memory: 4k page, physical 16777216k(1197536k free)

/proc/meminfo:


vm_info: Java HotSpot(TM) 64-Bit Server VM (25.73-b02) for bsd-amd64 JRE (1.8.0_73-b02), built on Jan 29 2016 15:02:00 by "java_re" with gcc 4.2.1 (Based on Apple Inc. build 5658) (LLVM build 2336.11.00)

time: Thu Jan 18 18:41:16 2018
elapsed time: 5399 seconds (0d 1h 29m 59s)

